Change Component Designator: Old Designator=C16 New Designator=C1
Change Component Designator: Old Designator=Cboot New Designator=Cboot1
Change Component Designator: Old Designator=Cbw New Designator=Cbw1
Change Component Designator: Old Designator=Ccomp New Designator=Ccomp1
Change Component Designator: Old Designator=Cin New Designator=Cin1
Change Component Designator: Old Designator=Cisns New Designator=Cisns1
Change Component Designator: Old Designator=Cisns New Designator=Cisns2
Change Component Designator: Old Designator=Cout New Designator=Cout1
Change Component Designator: Old Designator=Coutx New Designator=Coutx1
Change Component Designator: Old Designator=Creg New Designator=Creg1
Change Component Designator: Old Designator=Crvcc1 New Designator=Crvcc2
Change Component Designator: Old Designator=Crvcc2 New Designator=Crvcc1
Change Component Designator: Old Designator=Css New Designator=Css1
Change Component Designator: Old Designator=Cvcc2 New Designator=Cvcc1
Change Component Designator: Old Designator=Cvcc New Designator=Cvcc2
Change Component Designator: Old Designator=Cx New Designator=Cx1
Change Component Designator: Old Designator=Cz New Designator=Cz1
Change Component Designator: Old Designator=Dboot New Designator=Dboot1
Change Component Designator: Old Designator=Dz New Designator=Dz1
Change Component Designator: Old Designator=Lr New Designator=Lr1
Change Component Designator: Old Designator=M2 New Designator=M4
Change Component Designator: Old Designator=M3 New Designator=M2
Change Component Designator: Old Designator=M4 New Designator=M3
Change Component Designator: Old Designator=P1 New Designator=P2
Change Component Designator: Old Designator=P? New Designator=P1
Change Component Designator: Old Designator=Pho New Designator=Pho1
Change Component Designator: Old Designator=R19 New Designator=R4
Change Component Designator: Old Designator=R20 New Designator=R1
Change Component Designator: Old Designator=R27 New Designator=R3
Change Component Designator: Old Designator=R28 New Designator=R2
Change Component Designator: Old Designator=Rbias New Designator=Rbias1
Change Component Designator: Old Designator=Rboot New Designator=Rboot1
Change Component Designator: Old Designator=Rcomp New Designator=Rcomp1
Change Component Designator: Old Designator=Rfbb New Designator=Rfbb1
Change Component Designator: Old Designator=Rfbt New Designator=Rfbt1
Change Component Designator: Old Designator=Risns New Designator=Risns1
Change Component Designator: Old Designator=Rled New Designator=Rled1
Change Component Designator: Old Designator=Rlimit New Designator=Rlimit1
Change Component Designator: Old Designator=Rlo New Designator=Rlo1
Change Component Designator: Old Designator=T? New Designator=T1
Change Component Designator: Old Designator=U? New Designator=U1
Change Component Designator: Old Designator=U? New Designator=U2
Change Component Designator: Old Designator=U? New Designator=U3
Change Component Designator: Old Designator=VR New Designator=VR1
