Removed Pin From Net: NetName=+15V Pin=P1-4
Removed Pin From Net: NetName=GND Pin=P1-5
Removed Pin From Net: NetName=-15V Pin=P1-6
Removed Pin From Net: NetName=UI Pin=U2-1
Removed Member From Class: ClassName=Titan_VCO Member=U5
Change Component Designator: OldDesignator=P2 NewDesignator=P4
Change Component Designator: OldDesignator=P3 NewDesignator=P5
Change Component Designator: OldDesignator=R26 NewDesignator=R25
Change Component Designator: OldDesignator=R27 NewDesignator=R26
Change Component Designator: OldDesignator=R28 NewDesignator=R27
Change Component Designator: OldDesignator=R29 NewDesignator=R28
Change Component Designator: OldDesignator=R30 NewDesignator=R29
Change Component Designator: OldDesignator=U3 NewDesignator=U2
Change Component Designator: OldDesignator=U4 NewDesignator=U3
Change Component Designator: OldDesignator=U5 NewDesignator=U4
Change Net Name : Old Net Name=NetR29_2 New Net Name=NetR28_2
Change Net Name : Old Net Name=NetR30_1 New Net Name=NetR29_1
Added Member To Class: ClassName=Titan_VCO Member=Component P4 Header 3
Added Member To Class: ClassName=Titan_VCO Member=Component P5 Header 3
Added Room: Name=Titan_VCO
